<?xml version="1.0" encoding="UTF-8"?>
<!-- Generated by org.testng.reporters.JUnitReportReporter -->
<testsuite skipped="0" hostname="Zishan-Akhtar" name="test.LikeReels" tests="1" failures="0" timestamp="05 Sep 2021 06:57:18 GMT" time="156.036" errors="0">
  <testcase name="likeReels" time="156.036" classname="test.LikeReels"/>
</testsuite> <!-- test.LikeReels -->
