<?xml version="1.0" encoding="UTF-8"?>
<!-- Generated by org.testng.reporters.JUnitReportReporter -->
<testsuite skipped="0" hostname="Zishan-Akhtar" name="test.SwipeRight" tests="1" failures="0" timestamp="18 Jul 2021 10:57:39 GMT" time="18.392" errors="0">
  <testcase name="swipeRight" time="18.392" classname="test.SwipeRight"/>
</testsuite> <!-- test.SwipeRight -->
